# JRE version: Java(TM) SE Runtime Environment (8.0_05-b13) (build 1.8.0_05-b13)
# Java VM: Java HotSpot(TM) 64-Bit Server VM (25.5-b02 mixed mode windows-amd64 compressed oops)
Heap:
 PSYoungGen      total 54272K, used 40332K [0x00000000ebb80000, 0x00000000f0080000, 0x0000000100000000)
  eden space 46080K, 82% used [0x00000000ebb80000,0x00000000ee092c70,0x00000000ee880000)
  from space 8192K, 28% used [0x00000000ee880000,0x00000000eead0408,0x00000000ef080000)
  to   space 9728K, 0% used [0x00000000ef700000,0x00000000ef700000,0x00000000f0080000)
 ParOldGen       total 32768K, used 24528K [0x00000000c3200000, 0x00000000c5200000, 0x00000000ebb80000)
  object space 32768K, 74% used [0x00000000c3200000,0x00000000c49f4330,0x00000000c5200000)
 Metaspace       used 36319K, capacity 36694K, committed 36992K, reserved 1081344K
  class space    used 4789K, capacity 4887K, committed 4992K, reserved 1048576K
GC Heap History (10 events):
Event: 3.660 GC heap before
{Heap before GC invocations=19 (full 2):
 PSYoungGen      total 44544K, used 39936K [0x00000000ebb80000, 0x00000000eee00000, 0x0000000100000000)
  eden space 39936K, 100% used [0x00000000ebb80000,0x00000000ee280000,0x00000000ee280000)
  from space 4608K, 0% used [0x00000000ee780000,0x00000000ee780000,0x00000000eec00000)
  to   space 5120K, 0% used [0x00000000ee280000,0x00000000ee280000,0x00000000ee780000)
 ParOldGen       total 17920K, used 13047K [0x00000000c3200000, 0x00000000c4380000, 0x00000000ebb80000)
  object space 17920K, 72% used [0x00000000c3200000,0x00000000c3ebdf88,0x00000000c4380000)
 Metaspace       used 32978K, capacity 33218K, committed 33664K, reserved 1079296K
  class space    used 4404K, capacity 4441K, committed 4480K, reserved 1048576K
Event: 3.667 GC heap after
Heap after GC invocations=19 (full 2):
 PSYoungGen      total 45056K, used 5112K [0x00000000ebb80000, 0x00000000ef680000, 0x0000000100000000)
  eden space 39936K, 0% used [0x00000000ebb80000,0x00000000ebb80000,0x00000000ee280000)
  from space 5120K, 99% used [0x00000000ee280000,0x00000000ee77e398,0x00000000ee780000)
  to   space 6144K, 0% used [0x00000000ef080000,0x00000000ef080000,0x00000000ef680000)
 ParOldGen       total 17920K, used 13260K [0x00000000c3200000, 0x00000000c4380000, 0x00000000ebb80000)
  object space 17920K, 73% used [0x00000000c3200000,0x00000000c3ef3110,0x00000000c4380000)
 Metaspace       used 32978K, capacity 33218K, committed 33664K, reserved 1079296K
  class space    used 4404K, capacity 4441K, committed 4480K, reserved 1048576K
}
Event: 4.412 GC heap before
{Heap before GC invocations=20 (full 2):
 PSYoungGen      total 45056K, used 45048K [0x00000000ebb80000, 0x00000000ef680000, 0x0000000100000000)
  eden space 39936K, 100% used [0x00000000ebb80000,0x00000000ee280000,0x00000000ee280000)
  from space 5120K, 99% used [0x00000000ee280000,0x00000000ee77e398,0x00000000ee780000)
  to   space 6144K, 0% used [0x00000000ef080000,0x00000000ef080000,0x00000000ef680000)
 ParOldGen       total 17920K, used 13260K [0x00000000c3200000, 0x00000000c4380000, 0x00000000ebb80000)
  object space 17920K, 73% used [0x00000000c3200000,0x00000000c3ef3110,0x00000000c4380000)
 Metaspace       used 34122K, capacity 34436K, committed 34688K, reserved 1079296K
  class space    used 4567K, capacity 4644K, committed 4736K, reserved 1048576K
Event: 4.422 GC heap after
Heap after GC invocations=20 (full 2):
 PSYoungGen      total 52224K, used 6128K [0x00000000ebb80000, 0x00000000ef980000, 0x0000000100000000)
  eden space 46080K, 0% used [0x00000000ebb80000,0x00000000ebb80000,0x00000000ee880000)
  from space 6144K, 99% used [0x00000000ef080000,0x00000000ef67c020,0x00000000ef680000)
  to   space 8192K, 0% used [0x00000000ee880000,0x00000000ee880000,0x00000000ef080000)
 ParOldGen       total 17920K, used 16310K [0x00000000c3200000, 0x00000000c4380000, 0x00000000ebb80000)
  object space 17920K, 91% used [0x00000000c3200000,0x00000000c41eda20,0x00000000c4380000)
 Metaspace       used 34122K, capacity 34436K, committed 34688K, reserved 1079296K
  class space    used 4567K, capacity 4644K, committed 4736K, reserved 1048576K
}
Event: 4.422 GC heap before
{Heap before GC invocations=21 (full 3):
 PSYoungGen      total 52224K, used 6128K [0x00000000ebb80000, 0x00000000ef980000, 0x0000000100000000)
  eden space 46080K, 0% used [0x00000000ebb80000,0x00000000ebb80000,0x00000000ee880000)
  from space 6144K, 99% used [0x00000000ef080000,0x00000000ef67c020,0x00000000ef680000)
  to   space 8192K, 0% used [0x00000000ee880000,0x00000000ee880000,0x00000000ef080000)
 ParOldGen       total 17920K, used 16310K [0x00000000c3200000, 0x00000000c4380000, 0x00000000ebb80000)
  object space 17920K, 91% used [0x00000000c3200000,0x00000000c41eda20,0x00000000c4380000)
 Metaspace       used 34122K, capacity 34436K, committed 34688K, reserved 1079296K
  class space    used 4567K, capacity 4644K, committed 4736K, reserved 1048576K
Event: 4.563 GC heap after
Heap after GC invocations=21 (full 3):
 PSYoungGen      total 52224K, used 3047K [0x00000000ebb80000, 0x00000000ef980000, 0x0000000100000000)
  eden space 46080K, 0% used [0x00000000ebb80000,0x00000000ebb80000,0x00000000ee880000)
  from space 6144K, 49% used [0x00000000ef080000,0x00000000ef379e48,0x00000000ef680000)
  to   space 8192K, 0% used [0x00000000ee880000,0x00000000ee880000,0x00000000ef080000)
 ParOldGen       total 24576K, used 17859K [0x00000000c3200000, 0x00000000c4a00000, 0x00000000ebb80000)
  object space 24576K, 72% used [0x00000000c3200000,0x00000000c4370c20,0x00000000c4a00000)
 Metaspace       used 34122K, capacity 34436K, committed 34688K, reserved 1079296K
  class space    used 4567K, capacity 4644K, committed 4736K, reserved 1048576K
}
Event: 32.601 GC heap before
{Heap before GC invocations=22 (full 3):
 PSYoungGen      total 52224K, used 49127K [0x00000000ebb80000, 0x00000000ef980000, 0x0000000100000000)
  eden space 46080K, 100% used [0x00000000ebb80000,0x00000000ee880000,0x00000000ee880000)
  from space 6144K, 49% used [0x00000000ef080000,0x00000000ef379e48,0x00000000ef680000)
  to   space 8192K, 0% used [0x00000000ee880000,0x00000000ee880000,0x00000000ef080000)
 ParOldGen       total 24576K, used 17859K [0x00000000c3200000, 0x00000000c4a00000, 0x00000000ebb80000)
  object space 24576K, 72% used [0x00000000c3200000,0x00000000c4370c20,0x00000000c4a00000)
 Metaspace       used 35865K, capacity 36214K, committed 36352K, reserved 1081344K
  class space    used 4776K, capacity 4855K, committed 4864K, reserved 1048576K
Event: 32.628 GC heap after
Heap after GC invocations=22 (full 3):
 PSYoungGen      total 54272K, used 8037K [0x00000000ebb80000, 0x00000000f0080000, 0x0000000100000000)
  eden space 46080K, 0% used [0x00000000ebb80000,0x00000000ebb80000,0x00000000ee880000)
  from space 8192K, 98% used [0x00000000ee880000,0x00000000ef059468,0x00000000ef080000)
  to   space 9728K, 0% used [0x00000000ef700000,0x00000000ef700000,0x00000000f0080000)
 ParOldGen       total 24576K, used 20635K [0x00000000c3200000, 0x00000000c4a00000, 0x00000000ebb80000)
  object space 24576K, 83% used [0x00000000c3200000,0x00000000c4626c50,0x00000000c4a00000)
 Metaspace       used 35865K, capacity 36214K, committed 36352K, reserved 1081344K
  class space    used 4776K, capacity 4855K, committed 4864K, reserved 1048576K
}
Event: 32.628 GC heap before
{Heap before GC invocations=23 (full 4):
 PSYoungGen      total 54272K, used 8037K [0x00000000ebb80000, 0x00000000f0080000, 0x0000000100000000)
  eden space 46080K, 0% used [0x00000000ebb80000,0x00000000ebb80000,0x00000000ee880000)
  from space 8192K, 98% used [0x00000000ee880000,0x00000000ef059468,0x00000000ef080000)
  to   space 9728K, 0% used [0x00000000ef700000,0x00000000ef700000,0x00000000f0080000)
 ParOldGen       total 24576K, used 20635K [0x00000000c3200000, 0x00000000c4a00000, 0x00000000ebb80000)
  object space 24576K, 83% used [0x00000000c3200000,0x00000000c4626c50,0x00000000c4a00000)
 Metaspace       used 35865K, capacity 36214K, committed 36352K, reserved 1081344K
  class space    used 4776K, capacity 4855K, committed 4864K, reserved 1048576K
Event: 32.838 GC heap after
Heap after GC invocations=23 (full 4):
 PSYoungGen      total 54272K, used 2369K [0x00000000ebb80000, 0x00000000f0080000, 0x0000000100000000)
  eden space 46080K, 0% used [0x00000000ebb80000,0x00000000ebb80000,0x00000000ee880000)
  from space 8192K, 28% used [0x00000000ee880000,0x00000000eead0408,0x00000000ef080000)
  to   space 9728K, 0% used [0x00000000ef700000,0x00000000ef700000,0x00000000f0080000)
 ParOldGen       total 32768K, used 24528K [0x00000000c3200000, 0x00000000c5200000, 0x00000000ebb80000)
  object space 32768K, 74% used [0x00000000c3200000,0x00000000c49f4330,0x00000000c5200000)
 Metaspace       used 35865K, capacity 36214K, committed 36352K, reserved 1081344K
  class space    used 4776K, capacity 4855K, committed 4864K, reserved 1048576K
}

